#
# There is insufficient memory for the Java Runtime Environment to continue.
# Native memory allocation (mmap) failed to map 528482304 bytes for G1 virtual space
# Possible reasons:
#   The system is out of physical RAM or swap space
#   The process is running with CompressedOops enabled, and the Java Heap may be blocking the growth of the native heap
# Possible solutions:
#   Reduce memory load on the system
#   Increase physical memory or swap space
#   Check if swap backing store is full
#   Decrease Java heap size (-Xmx/-Xms)
#   Decrease number of Java threads
#   Decrease Java thread stack sizes (-Xss)
#   Set larger code cache with -XX:ReservedCodeCacheSize=
#   JVM is running with Unscaled Compressed Oops mode in which the Java heap is
#     placed in the first 4GB address space. The Java Heap base address is the
#     maximum limit for the native heap growth. Please use -XX:HeapBaseMinAddress
#     to set the Java Heap base and to place the Java Heap above 4GB virtual address.
# This output file may be truncated or incomplete.
#
#  Out of Memory Error (os_windows.cpp:3532), pid=17740, tid=12356
#
# JRE version:  (17.0.2+8) (build )
# Java VM: Java HotSpot(TM) 64-Bit Server VM (17.0.2+8-LTS-86, mixed mode, sharing, tiered, compressed oops, compressed class ptrs, g1 gc, windows-amd64)
# No core dump will be written. Minidumps are not enabled by default on client versions of Windows
#

---------------  S U M M A R Y ------------

Command Line: -Dorg.gradle.internal.worker.tmpdir=C:\Users\User\Desktop\SINGLESTORE BCP\Proyecto Grapho 2\ms-poc-consist-graphql\build\tmp\test\work -Dorg.gradle.native=false -Xmx512m -Dfile.encoding=windows-1252 -Duser.country=PE -Duser.language=es -Duser.variant -ea worker.org.gradle.process.internal.worker.GradleWorkerMain 'Gradle Test Executor 1'

Host: Intel(R) Core(TM) i7-6820HQ CPU @ 2.70GHz, 8 cores, 31G,  Windows 10 , 64 bit Build 19041 (10.0.19041.3636)
Time: Mon Jun 17 12:08:28 2024 Hora est. Pacífico, Sudamérica elapsed time: 0.016993 seconds (0d 0h 0m 0s)

---------------  T H R E A D  ---------------

Current thread (0x0000016fec977f60):  JavaThread "Unknown thread" [_thread_in_vm, id=12356, stack(0x00000047f5800000,0x00000047f5900000)]

Stack: [0x00000047f5800000,0x00000047f5900000]
Native frames: (J=compiled Java code, j=interpreted, Vv=VM code, C=native code)
V  [jvm.dll+0x670baa]
V  [jvm.dll+0x7cfcb4]
V  [jvm.dll+0x7d145e]
V  [jvm.dll+0x7d1ac3]
V  [jvm.dll+0x242bc5]
V  [jvm.dll+0x66dac9]
V  [jvm.dll+0x662412]
V  [jvm.dll+0x300c0b]
V  [jvm.dll+0x3081a6]
V  [jvm.dll+0x357d0e]
V  [jvm.dll+0x357f3f]
V  [jvm.dll+0x2d7ec8]
V  [jvm.dll+0x2d8e34]
V  [jvm.dll+0x7a18c1]
V  [jvm.dll+0x365a91]
V  [jvm.dll+0x780d2c]
V  [jvm.dll+0x3e845f]
V  [jvm.dll+0x3e9f01]
C  [jli.dll+0x527b]
C  [ucrtbase.dll+0x21bb2]
C  [KERNEL32.DLL+0x17344]
C  [ntdll.dll+0x4cc91]


---------------  P R O C E S S  ---------------

Threads class SMR info:
_java_thread_list=0x00007ffdfe049858, length=0, elements={
}

Java Threads: ( => current thread )

Other Threads:
  0x0000016fec9c13c0 GCTaskThread "GC Thread#0" [stack: 0x00000047f5a00000,0x00000047f5b00000] [id=19880]
  0x0000016fec9c21d0 ConcurrentGCThread "G1 Main Marker" [stack: 0x00000047f5b00000,0x00000047f5c00000] [id=18572]
  0x0000016fec9c32d0 ConcurrentGCThread "G1 Conc#0" [stack: 0x00000047f5c00000,0x00000047f5d00000] [id=33420]

[error occurred during error reporting (printing all threads), id 0xc0000005, EXCEPTION_ACCESS_VIOLATION (0xc0000005) at pc=0x00007ffdfd8988a7]

VM state: not at safepoint (not fully initialized)

VM Mutex/Monitor currently owned by a thread:  ([mutex/lock_event])
[0x0000016fec9736d0] Heap_lock - owner thread: 0x0000016fec977f60

Heap address: 0x00000000e0000000, size: 512 MB, Compressed Oops mode: 32-bit

CDS archive(s) mapped at: [0x0000000000000000-0x0000000000000000-0x0000000000000000), size 0, SharedBaseAddress: 0x0000000800000000, ArchiveRelocationMode: 0.
Narrow klass base: 0x0000000000000000, Narrow klass shift: 0, Narrow klass range: 0x0

GC Precious Log:
<Empty>

Heap:
 garbage-first heap   total 0K, used 0K [0x00000000e0000000, 0x0000000100000000)
  region size 1024K, 0 young (0K), 0 survivors (0K)

[error occurred during error reporting (printing heap information), id 0xc0000005, EXCEPTION_ACCESS_VIOLATION (0xc0000005) at pc=0x00007ffdfdc79f19]

GC Heap History (0 events):
No events

Deoptimization events (0 events):
No events

Classes unloaded (0 events):
No events

Classes redefined (0 events):
No events

Internal exceptions (0 events):
No events

VM Operations (0 events):
No events

Events (1 events):
Event: 0.010 Loaded shared library C:\Program Files\Java\jdk-17.0.2\bin\java.dll


Dynamic libraries:
0x00007ff752a80000 - 0x00007ff752a90000 	C:\Program Files\Java\jdk-17.0.2\bin\java.exe
0x00007ffea7cd0000 - 0x00007ffea7ec8000 	C:\WINDOWS\SYSTEM32\ntdll.dll
0x00007ffea6830000 - 0x00007ffea68ed000 	C:\WINDOWS\System32\KERNEL32.DLL
0x00007ffea5a10000 - 0x00007ffea5d06000 	C:\WINDOWS\System32\KERNELBASE.dll
0x00007ffea5610000 - 0x00007ffea5710000 	C:\WINDOWS\System32\ucrtbase.dll
0x00007ffe7a360000 - 0x00007ffe7a378000 	C:\Program Files\Java\jdk-17.0.2\bin\jli.dll
0x00007ffea7470000 - 0x00007ffea7520000 	C:\WINDOWS\System32\ADVAPI32.dll
0x00007ffea6a80000 - 0x00007ffea6b1e000 	C:\WINDOWS\System32\msvcrt.dll
0x00007ffea61b0000 - 0x00007ffea6250000 	C:\WINDOWS\System32\sechost.dll
0x00007ffea72c0000 - 0x00007ffea73e3000 	C:\WINDOWS\System32\RPCRT4.dll
0x00007ffea5950000 - 0x00007ffea5977000 	C:\WINDOWS\System32\bcrypt.dll
0x00007ffea5d10000 - 0x00007ffea5eaf000 	C:\WINDOWS\System32\USER32.dll
0x00007ffea5800000 - 0x00007ffea5822000 	C:\WINDOWS\System32\win32u.dll
0x00007ffea6250000 - 0x00007ffea627b000 	C:\WINDOWS\System32\GDI32.dll
0x00007ffea5830000 - 0x00007ffea5947000 	C:\WINDOWS\System32\gdi32full.dll
0x00007ffea5710000 - 0x00007ffea57ad000 	C:\WINDOWS\System32\msvcp_win.dll
0x00007ffe79f50000 - 0x00007ffe79f6a000 	C:\Program Files\Java\jdk-17.0.2\bin\VCRUNTIME140.dll
0x00007ffe90570000 - 0x00007ffe9080a000 	C:\WINDOWS\WinSxS\amd64_microsoft.windows.common-controls_6595b64144ccf1df_6.0.19041.4355_none_60b8b9eb71f62e16\COMCTL32.dll
0x00007ffe9e870000 - 0x00007ffe9e87a000 	C:\WINDOWS\SYSTEM32\VERSION.dll
0x00007ffea5ec0000 - 0x00007ffea5eef000 	C:\WINDOWS\System32\IMM32.DLL
0x00007ffe89e90000 - 0x00007ffe89ff3000 	C:\Program Files (x86)\Citrix\ICA Client\epclient64.dll
0x00007ffea6eb0000 - 0x00007ffea7203000 	C:\WINDOWS\System32\combase.dll
0x00007ffea44a0000 - 0x00007ffea44d3000 	C:\WINDOWS\SYSTEM32\ntmarta.dll
0x0000016fec060000 - 0x0000016fec0e2000 	C:\WINDOWS\System32\bcryptprimitives.dll
0x00007ffea3b90000 - 0x00007ffea3ba2000 	C:\WINDOWS\SYSTEM32\kernel.appcore.dll
0x00007ffe87710000 - 0x00007ffe8771c000 	C:\Program Files\Java\jdk-17.0.2\bin\vcruntime140_1.dll
0x00007ffe338e0000 - 0x00007ffe3396d000 	C:\Program Files\Java\jdk-17.0.2\bin\msvcp140.dll
0x00007ffdfd5b0000 - 0x00007ffdfe171000 	C:\Program Files\Java\jdk-17.0.2\bin\server\jvm.dll
0x0000016fea740000 - 0x0000016fea748000 	C:\WINDOWS\System32\PSAPI.DLL
0x00007ffe8b790000 - 0x00007ffe8b799000 	C:\WINDOWS\SYSTEM32\WSOCK32.dll
0x00007ffea62e0000 - 0x00007ffea634b000 	C:\WINDOWS\System32\WS2_32.dll
0x00007ffe90320000 - 0x00007ffe90347000 	C:\WINDOWS\SYSTEM32\WINMM.dll
0x00007ffe85870000 - 0x00007ffe8587a000 	C:\Program Files\Java\jdk-17.0.2\bin\jimage.dll
0x00007ffea2f10000 - 0x00007ffea30f4000 	C:\WINDOWS\SYSTEM32\DBGHELP.DLL
0x00007ffe9d7b0000 - 0x00007ffe9d7e4000 	C:\WINDOWS\SYSTEM32\dbgcore.DLL
0x00007ffe75170000 - 0x00007ffe75195000 	C:\Program Files\Java\jdk-17.0.2\bin\java.dll

dbghelp: loaded successfully - version: 4.0.5 - missing functions: none
symbol engine: initialized successfully - sym options: 0x614 - pdb path: .;C:\Program Files\Java\jdk-17.0.2\bin;C:\WINDOWS\SYSTEM32;C:\WINDOWS\WinSxS\amd64_microsoft.windows.common-controls_6595b64144ccf1df_6.0.19041.4355_none_60b8b9eb71f62e16;C:\Program Files (x86)\Citrix\ICA Client;C:\Program Files\Java\jdk-17.0.2\bin\server

VM Arguments:
jvm_args: -Dorg.gradle.internal.worker.tmpdir=C:\Users\User\Desktop\SINGLESTORE BCP\Proyecto Grapho 2\ms-poc-consist-graphql\build\tmp\test\work -Dorg.gradle.native=false -Xmx512m -Dfile.encoding=windows-1252 -Duser.country=PE -Duser.language=es -Duser.variant -ea 
java_command: worker.org.gradle.process.internal.worker.GradleWorkerMain 'Gradle Test Executor 1'
java_class_path (initial): C:\Users\User\.gradle\caches\8.4\workerMain\gradle-worker.jar;C:\Users\User\Desktop\SINGLESTORE BCP\Proyecto Grapho 2\ms-poc-consist-graphql\build\classes\java\test;C:\Users\User\Desktop\SINGLESTORE BCP\Proyecto Grapho 2\ms-poc-consist-graphql\build\classes\java\main;C:\Users\User\Desktop\SINGLESTORE BCP\Proyecto Grapho 2\ms-poc-consist-graphql\build\resources\main;C:\Users\User\.gradle\caches\modules-2\files-2.1\com.netflix.graphql.dgs.codegen\graphql-dgs-codegen-shared-core\6.0.2\7182aebfbaa3f8ed5fe99a115cd85590d9dab023\graphql-dgs-codegen-shared-core-6.0.2.jar;C:\Users\User\.gradle\caches\modules-2\files-2.1\com.netflix.graphql.dgs\graphql-dgs-extended-scalars\8.4.0\1b3ba9bd51ed02e78841c4c2b9ca0ee31441356\graphql-dgs-extended-scalars-8.4.0.jar;C:\Users\User\.gradle\caches\modules-2\files-2.1\com.netflix.graphql.dgs\graphql-dgs-spring-boot-micrometer\8.4.0\2085344e94e3483ec6d0552e890bc1f6c1ad46e9\graphql-dgs-spring-boot-micrometer-8.4.0.jar;C:\Users\User\.gradle\caches\modules-2\files-2.1\com.netflix.graphql.dgs\graphql-dgs-spring-boot-starter\8.4.0\43665096d1177aba13d3f8fd80cbe3e32ab2eb25\graphql-dgs-spring-boot-starter-8.4.0.jar;C:\Users\User\.gradle\caches\modules-2\files-2.1\com.netflix.graphql.dgs\graphql-dgs-spring-boot-oss-autoconfigure\8.4.0\160b1ccf671beb56ea2ab7492e274a8dce8e38db\graphql-dgs-spring-boot-oss-autoconfigure-8.4.0.jar;C:\Users\User\.gradle\caches\modules-2\files-2.1\com.netflix.graphql.dgs\graphql-dgs-spring-webmvc-autoconfigure\8.4.0\b06adf4874675530c6129ea9ad7efffb5c5a8f20\graphql-dgs-spring-webmvc-autoconfigure-8.4.0.jar;C:\Users\User\.gradle\caches\modules-2\files-2.1\com.netflix.graphql.dgs\graphql-dgs-spring-webflux-autoconfigure\8.4.0\f217d6cb3250e794f61d654c9ad692bb2e611809\graphql-dgs-spring-webflux-autoconfigure-8.4.0.jar;C:\Users\User\.gradle\caches\modules-2\files-2.1\com.netflix.graphql.dgs\graphql-dgs-spring-webmvc\8.4.0\11ae2884f7038013680eaa60209cf56de748e774\graphql-dgs-spring-webmvc-8.4.0.jar;C:
Launcher Type: SUN_STANDARD

[Global flags]
     intx CICompilerCount                          = 4                                         {product} {ergonomic}
     uint ConcGCThreads                            = 2                                         {product} {ergonomic}
     uint G1ConcRefinementThreads                  = 8                                         {product} {ergonomic}
   size_t G1HeapRegionSize                         = 1048576                                   {product} {ergonomic}
    uintx GCDrainStackTargetSize                   = 64                                        {product} {ergonomic}
   size_t InitialHeapSize                          = 528482304                                 {product} {ergonomic}
   size_t MarkStackSize                            = 4194304                                   {product} {ergonomic}
   size_t MaxHeapSize                              = 536870912                                 {product} {command line}
   size_t MinHeapDeltaBytes                        = 1048576                                   {product} {ergonomic}
   size_t MinHeapSize                              = 8388608                                   {product} {ergonomic}
    uintx NonNMethodCodeHeapSize                   = 5839372                                {pd product} {ergonomic}
    uintx NonProfiledCodeHeapSize                  = 122909434                              {pd product} {ergonomic}
    uintx ProfiledCodeHeapSize                     = 122909434                              {pd product} {ergonomic}
    uintx ReservedCodeCacheSize                    = 251658240                              {pd product} {ergonomic}
     bool SegmentedCodeCache                       = true                                      {product} {ergonomic}
   size_t SoftMaxHeapSize                          = 536870912                              {manageable} {ergonomic}
     bool UseCompressedClassPointers               = true                           {product lp64_product} {ergonomic}
     bool UseCompressedOops                        = true                           {product lp64_product} {ergonomic}
     bool UseG1GC                                  = true                                      {product} {ergonomic}
     bool UseLargePagesIndividualAllocation        = false                                  {pd product} {ergonomic}

Logging:
Log output configuration:
 #0: stdout all=warning uptime,level,tags
 #1: stderr all=off uptime,level,tags

Environment Variables:
JAVA_HOME=C:\Program Files\Java\jdk-17.0.2
CLASSPATH=C:\Users\User\Desktop\SINGLESTORE BCP\Proyecto Grapho 2\ms-poc-consist-graphql\\gradle\wrapper\gradle-wrapper.jar
PATH=C:\Program Files\Microsoft SDKs\Azure\CLI2\wbin;C:\Program Files (x86)\Common Files\Oracle\Java\javapath;C:\Python310\Scripts\;C:\Python310\;C:\Program Files\Microsoft\jdk-11.0.12.7-hotspot\bin;C:\WINDOWS\system32;C:\WINDOWS;C:\WINDOWS\System32\Wbem;C:\WINDOWS\System32\WindowsPowerShell\v1.0\;C:\WINDOWS\System32\OpenSSH\;C:\Program Files\Git\cmd;C:\Program Files\PuTTY\;C:\Users\User\AppData\Local\Android\Sdk\platform-tools;C:\Users\User\AppData\Local\Android\Sdk\platforms;C:\Program Files\nodejs\;C:\ProgramData\chocolatey\bin;D:\xampp 7.4\php;C:\ProgramData\ComposerSetup\bin;C:\Program Files\dotnet\;C:\Program Files\Docker\Docker\resources\bin;C:\Program Files\Maven\apache-maven-3.9.6\bin;C:\Program Files\Java\jdk-17.0.2\bin;C:\Program Files\SpringBoot\spring-3.2.4\bin;C:\Program Files (x86)\Microsoft SQL Server\160\DTS\Binn\;C:\Program Files (x86)\Microsoft SQL Server\160\Tools\Binn\;C:\Program Files\Microsoft SQL Server\160\Tools\Binn\;C:\Program Files\Microsoft SQL Server\Client SDK\ODBC\170\Tools\Binn\;C:\Program Files\Microsoft SQL Server\160\DTS\Binn\;C:\Program Files\GitHub CLI\;C:\Users\User\AppData\Local\Microsoft\WindowsApps;C:\Users\User\AppData\Local\Programs\Microsoft VS Code\bin;C:\Program Files\Azure Data Studio\bin;C:\src\flutter\bin;C:\Users\User\AppData\Roaming\npm;E:\Programas\PyCharm Community Edition 2023.3.3\bin;;C:\Users\User\AppData\Roaming\Composer\vendor\bin;C:\Users\User\AppData\Local\Android\Sdk;C:\Users\User\AppData\Local\Pub\Cache\bin;D:\xampp 7.4\mysql\bin;C:\Program Files\Azure Data Studio\bin;E:\Programas\PyCharm 2023.3.3\bin;;E:\folder programs\spark-3.5.0-bin-hadoop3\bin;
USERNAME=User
LANG=en_US.UTF-8
OS=Windows_NT
PROCESSOR_IDENTIFIER=Intel64 Family 6 Model 94 Stepping 3, GenuineIntel



---------------  S Y S T E M  ---------------

OS:
 Windows 10 , 64 bit Build 19041 (10.0.19041.3636)
OS uptime: 5 days 2:01 hours
Hyper-V role detected

CPU: total 8 (initial active 8) (4 cores per cpu, 2 threads per core) family 6 model 94 stepping 3 microcode 0xcc, cx8, cmov, fxsr, ht, mmx, 3dnowpref, sse, sse2, sse3, ssse3, sse4.1, sse4.2, popcnt, lzcnt, tsc, tscinvbit, avx, avx2, aes, erms, clmul, bmi1, bmi2, rtm, adx, fma, vzeroupper, clflush, clflushopt, hv

Memory: 4k page, system-wide physical 32134M (11967M free)
TotalPageFile size 34173M (AvailPageFile size 91M)
current process WorkingSet (physical memory assigned to process): 13M, peak: 13M
current process commit charge ("private bytes"): 61M, peak: 565M

vm_info: Java HotSpot(TM) 64-Bit Server VM (17.0.2+8-LTS-86) for windows-amd64 JRE (17.0.2+8-LTS-86), built on Dec  7 2021 21:51:03 by "mach5one" with MS VC++ 16.8 / 16.9 (VS2019)

END.
