#
# There is insufficient memory for the Java Runtime Environment to continue.
# Native memory allocation (mmap) failed to map 65536 bytes for Failed to commit metaspace.
# Possible reasons:
#   The system is out of physical RAM or swap space
#   The process is running with CompressedOops enabled, and the Java Heap may be blocking the growth of the native heap
# Possible solutions:
#   Reduce memory load on the system
#   Increase physical memory or swap space
#   Check if swap backing store is full
#   Decrease Java heap size (-Xmx/-Xms)
#   Decrease number of Java threads
#   Decrease Java thread stack sizes (-Xss)
#   Set larger code cache with -XX:ReservedCodeCacheSize=
#   JVM is running with Zero Based Compressed Oops mode in which the Java heap is
#     placed in the first 32GB address space. The Java Heap base address is the
#     maximum limit for the native heap growth. Please use -XX:HeapBaseMinAddress
#     to set the Java Heap base and to place the Java Heap above 32GB virtual address.
# This output file may be truncated or incomplete.
#
#  Out of Memory Error (virtualSpaceNode.cpp:110), pid=31808, tid=21712
#
# JRE version: Java(TM) SE Runtime Environment (17.0.2+8) (build 17.0.2+8-LTS-86)
# Java VM: Java HotSpot(TM) 64-Bit Server VM (17.0.2+8-LTS-86, mixed mode, sharing, tiered, compressed oops, compressed class ptrs, g1 gc, windows-amd64)
# No core dump will be written. Minidumps are not enabled by default on client versions of Windows
#

---------------  S U M M A R Y ------------

Command Line: -XX:+ShowCodeDetailsInExceptionMessages net.csonic.customers.graphql.MsCustomersGraphqlApplication

Host: Intel(R) Core(TM) i7-6820HQ CPU @ 2.70GHz, 8 cores, 31G,  Windows 10 , 64 bit Build 19041 (10.0.19041.4597)
Time: Fri Aug 16 15:07:10 2024 Hora est. Pacífico, Sudamérica elapsed time: 0.764219 seconds (0d 0h 0m 0s)

---------------  T H R E A D  ---------------

Current thread (0x000001b1e645ec70):  JavaThread "main" [_thread_in_vm, id=21712, stack(0x00000092d2500000,0x00000092d2600000)]

Stack: [0x00000092d2500000,0x00000092d2600000]
Native frames: (J=compiled Java code, j=interpreted, Vv=VM code, C=native code)
V  [jvm.dll+0x670baa]
V  [jvm.dll+0x7cfcb4]
V  [jvm.dll+0x7d145e]
V  [jvm.dll+0x7d1ac3]
V  [jvm.dll+0x242bc5]
V  [jvm.dll+0x7cbc5b]
V  [jvm.dll+0x616966]
V  [jvm.dll+0x6169ca]
V  [jvm.dll+0x6191da]
V  [jvm.dll+0x617306]
V  [jvm.dll+0x2385a0]
V  [jvm.dll+0x1e880d]
V  [jvm.dll+0x1de251]
V  [jvm.dll+0x537c30]
V  [jvm.dll+0x1eea37]
V  [jvm.dll+0x74a15b]
V  [jvm.dll+0x74b502]
V  [jvm.dll+0x74b838]
V  [jvm.dll+0x23af1e]
V  [jvm.dll+0x37e7a3]
C  0x000001b1edc7be4e

Java frames: (J=compiled Java code, j=interpreted, Vv=VM code)
j  sun.nio.ch.ChannelInputStream.read(Ljava/nio/channels/ReadableByteChannel;Ljava/nio/ByteBuffer;Z)I+1 java.base@17.0.2
j  sun.nio.ch.ChannelInputStream.read(Ljava/nio/ByteBuffer;)I+6 java.base@17.0.2
j  sun.nio.ch.ChannelInputStream.read([BII)I+73 java.base@17.0.2
j  sun.nio.cs.StreamDecoder.readBytes()I+117 java.base@17.0.2
j  sun.nio.cs.StreamDecoder.implRead([CII)I+112 java.base@17.0.2
j  sun.nio.cs.StreamDecoder.read([CII)I+180 java.base@17.0.2
j  java.io.InputStreamReader.read([CII)I+7 java.base@17.0.2
j  java.io.BufferedReader.fill()V+145 java.base@17.0.2
j  java.io.BufferedReader.read()I+23 java.base@17.0.2
j  java.io.StreamTokenizer.read()I+11 java.base@17.0.2
j  java.io.StreamTokenizer.nextToken()I+77 java.base@17.0.2
j  sun.security.provider.PolicyParser.read(Ljava/io/Reader;)V+189 java.base@17.0.2
j  sun.security.provider.PolicyFile.initDefaultPolicy(Lsun/security/provider/PolicyFile$PolicyInfo;)V+81 java.base@17.0.2
j  sun.security.provider.PolicyFile$2.run()Ljava/lang/Void;+8 java.base@17.0.2
j  sun.security.provider.PolicyFile$2.run()Ljava/lang/Object;+1 java.base@17.0.2
j  java.security.AccessController.executePrivileged(Ljava/security/PrivilegedAction;Ljava/security/AccessControlContext;Ljava/lang/Class;)Ljava/lang/Object;+29 java.base@17.0.2
j  java.security.AccessController.doPrivileged(Ljava/security/PrivilegedAction;)Ljava/lang/Object;+5 java.base@17.0.2
j  sun.security.provider.PolicyFile.initPolicyFile(Lsun/security/provider/PolicyFile$PolicyInfo;Ljava/net/URL;)V+9 java.base@17.0.2
j  sun.security.provider.PolicyFile.init(Ljava/net/URL;)V+50 java.base@17.0.2
j  sun.security.provider.PolicyFile.<init>()V+24 java.base@17.0.2
j  java.security.Policy.loadPolicyProvider()Ljava/security/Policy;+38 java.base@17.0.2
j  java.security.Policy.getPolicyNoCheck()Ljava/security/Policy;+34 java.base@17.0.2
j  java.security.ProtectionDomain.implies(Ljava/security/Permission;)Z+16 java.base@17.0.2
j  java.security.ProtectionDomain.impliesWithAltFilePerm(Ljava/security/Permission;)Z+23 java.base@17.0.2
j  java.security.AccessControlContext.checkPermission(Ljava/security/Permission;)V+323 java.base@17.0.2
j  java.security.AccessController.checkPermission(Ljava/security/Permission;)V+161 java.base@17.0.2
j  ch.qos.logback.core.util.Loader$1.run()Ljava/lang/Boolean;+9
j  ch.qos.logback.core.util.Loader$1.run()Ljava/lang/Object;+1
j  java.security.AccessController.executePrivileged(Ljava/security/PrivilegedAction;Ljava/security/AccessControlContext;Ljava/lang/Class;)Ljava/lang/Object;+29 java.base@17.0.2
j  java.security.AccessController.doPrivileged(Ljava/security/PrivilegedAction;)Ljava/lang/Object;+5 java.base@17.0.2
j  ch.qos.logback.core.util.Loader.<clinit>()V+34
v  ~StubRoutines::call_stub
j  ch.qos.logback.classic.joran.SerializedModelConfigurator.performMultiStepModelFileSearch(Z)Ljava/net/URL;+1
j  ch.qos.logback.classic.joran.SerializedModelConfigurator.configure(Lch/qos/logback/classic/LoggerContext;)Lch/qos/logback/classic/spi/Configurator$ExecutionStatus;+2
j  ch.qos.logback.classic.util.ContextInitializer.invokeConfigure(Lch/qos/logback/classic/spi/Configurator;)Lch/qos/logback/classic/spi/Configurator$ExecutionStatus;+42
j  ch.qos.logback.classic.util.ContextInitializer.autoConfig(Ljava/lang/ClassLoader;)V+202
j  ch.qos.logback.classic.util.ContextInitializer.autoConfig()V+6
j  ch.qos.logback.classic.spi.LogbackServiceProvider.initializeLoggerContext()V+11
j  ch.qos.logback.classic.spi.LogbackServiceProvider.initialize()V+21
j  org.slf4j.LoggerFactory.bind()V+37
j  org.slf4j.LoggerFactory.performInitialization()V+0
j  org.slf4j.LoggerFactory.getProvider()Lorg/slf4j/spi/SLF4JServiceProvider;+21
j  org.slf4j.LoggerFactory.getILoggerFactory()Lorg/slf4j/ILoggerFactory;+0
j  org.slf4j.LoggerFactory.getLogger(Ljava/lang/String;)Lorg/slf4j/Logger;+0
j  org.apache.commons.logging.LogAdapter$Slf4jAdapter.createLocationAwareLog(Ljava/lang/String;)Lorg/apache/commons/logging/Log;+1
j  org.apache.commons.logging.LogAdapter$$Lambda$1+0x0000000800c05db0.apply(Ljava/lang/Object;)Ljava/lang/Object;+4
j  org.apache.commons.logging.LogAdapter.createLog(Ljava/lang/String;)Lorg/apache/commons/logging/Log;+4
j  org.apache.commons.logging.LogFactory.getLog(Ljava/lang/String;)Lorg/apache/commons/logging/Log;+1
j  org.apache.commons.logging.LogFactory.getLog(Ljava/lang/Class;)Lorg/apache/commons/logging/Log;+4
j  org.springframework.boot.SpringApplication.<clinit>()V+2
v  ~StubRoutines::call_stub
j  net.csonic.customers.graphql.MsCustomersGraphqlApplication.main([Ljava/lang/String;)V+3
v  ~StubRoutines::call_stub

---------------  P R O C E S S  ---------------

Threads class SMR info:
_java_thread_list=0x000001b192777010, length=13, elements={
0x000001b1e645ec70, 0x000001b18fccf770, 0x000001b18fcd07c0, 0x000001b18fce2190,
0x000001b18fce4d50, 0x000001b18fce7710, 0x000001b18fce82a0, 0x000001b1e41200e0,
0x000001b1e411e790, 0x000001b18fd00300, 0x000001b192765160, 0x000001b192772960,
0x000001b1e411f1b0
}

Java Threads: ( => current thread )
=>0x000001b1e645ec70 JavaThread "main" [_thread_in_vm, id=21712, stack(0x00000092d2500000,0x00000092d2600000)]
  0x000001b18fccf770 JavaThread "Reference Handler" daemon [_thread_blocked, id=34576, stack(0x00000092d2b00000,0x00000092d2c00000)]
  0x000001b18fcd07c0 JavaThread "Finalizer" daemon [_thread_blocked, id=26544, stack(0x00000092d2c00000,0x00000092d2d00000)]
  0x000001b18fce2190 JavaThread "Signal Dispatcher" daemon [_thread_blocked, id=34320, stack(0x00000092d2d00000,0x00000092d2e00000)]
  0x000001b18fce4d50 JavaThread "Attach Listener" daemon [_thread_blocked, id=34300, stack(0x00000092d2e00000,0x00000092d2f00000)]
  0x000001b18fce7710 JavaThread "Service Thread" daemon [_thread_blocked, id=23108, stack(0x00000092d2f00000,0x00000092d3000000)]
  0x000001b18fce82a0 JavaThread "Monitor Deflation Thread" daemon [_thread_blocked, id=14836, stack(0x00000092d3000000,0x00000092d3100000)]
  0x000001b1e41200e0 JavaThread "C2 CompilerThread0" daemon [_thread_blocked, id=35328, stack(0x00000092d3100000,0x00000092d3200000)]
  0x000001b1e411e790 JavaThread "C1 CompilerThread0" daemon [_thread_blocked, id=29356, stack(0x00000092d3200000,0x00000092d3300000)]
  0x000001b18fd00300 JavaThread "Sweeper thread" daemon [_thread_blocked, id=35144, stack(0x00000092d3300000,0x00000092d3400000)]
  0x000001b192765160 JavaThread "Notification Thread" daemon [_thread_blocked, id=29108, stack(0x00000092d3400000,0x00000092d3500000)]
  0x000001b192772960 JavaThread "Common-Cleaner" daemon [_thread_blocked, id=32144, stack(0x00000092d3600000,0x00000092d3700000)]
  0x000001b1e411f1b0 JavaThread "C2 CompilerThread1" daemon [_thread_blocked, id=23176, stack(0x00000092d3700000,0x00000092d3800000)]

Other Threads:
  0x000001b18fcc9560 VMThread "VM Thread" [stack: 0x00000092d2a00000,0x00000092d2b00000] [id=26620]
  0x000001b1e411b880 WatcherThread [stack: 0x00000092d3500000,0x00000092d3600000] [id=35704]
  0x000001b18fb40900 GCTaskThread "GC Thread#0" [stack: 0x00000092d2300000,0x00000092d2400000] [id=18212]
  0x000001b18fb4d290 ConcurrentGCThread "G1 Main Marker" [stack: 0x00000092d2600000,0x00000092d2700000] [id=33100]
  0x000001b18fb4dca0 ConcurrentGCThread "G1 Conc#0" [stack: 0x00000092d2700000,0x00000092d2800000] [id=6196]
  0x000001b18fc01f10 ConcurrentGCThread "G1 Refine#0" [stack: 0x00000092d2800000,0x00000092d2900000] [id=22832]
  0x000001b18fc02930 ConcurrentGCThread "G1 Service" [stack: 0x00000092d2900000,0x00000092d2a00000] [id=22088]

Threads with active compile tasks:

VM state: not at safepoint (normal execution)

VM Mutex/Monitor currently owned by a thread:  ([mutex/lock_event])
[0x000001b1e6459190] Metaspace_lock - owner thread: 0x000001b1e645ec70

Heap address: 0x0000000609c00000, size: 8036 MB, Compressed Oops mode: Zero based, Oop shift amount: 3

CDS archive(s) mapped at: [0x0000000800000000-0x0000000800bc0000-0x0000000800bc0000), size 12320768, SharedBaseAddress: 0x0000000800000000, ArchiveRelocationMode: 0.
Compressed class space mapped at: 0x0000000800c00000-0x0000000840c00000, reserved size: 1073741824
Narrow klass base: 0x0000000800000000, Narrow klass shift: 0, Narrow klass range: 0x100000000

GC Precious Log:
 CPUs: 8 total, 8 available
 Memory: 32134M
 Large Page Support: Disabled
 NUMA Support: Disabled
 Compressed Oops: Enabled (Zero based)
 Heap Region Size: 4M
 Heap Min Capacity: 8M
 Heap Initial Capacity: 504M
 Heap Max Capacity: 8036M
 Pre-touch: Disabled
 Parallel Workers: 8
 Concurrent Workers: 2
 Concurrent Refinement Workers: 8
 Periodic GC: Disabled

Heap:
 garbage-first heap   total 516096K, used 12288K [0x0000000609c00000, 0x0000000800000000)
  region size 4096K, 4 young (16384K), 0 survivors (0K)
 Metaspace       used 1633K, committed 1728K, reserved 1056768K
  class space    used 126K, committed 192K, reserved 1048576K

Heap Regions: E=young(eden), S=young(survivor), O=old, HS=humongous(starts), HC=humongous(continues), CS=collection set, F=free, OA=open archive, CA=closed archive, TAMS=top-at-mark-start (previous, next)
|   0|0x0000000609c00000, 0x0000000609c00000, 0x000000060a000000|  0%| F|  |TAMS 0x0000000609c00000, 0x0000000609c00000| Untracked 
|   1|0x000000060a000000, 0x000000060a000000, 0x000000060a400000|  0%| F|  |TAMS 0x000000060a000000, 0x000000060a000000| Untracked 
|   2|0x000000060a400000, 0x000000060a400000, 0x000000060a800000|  0%| F|  |TAMS 0x000000060a400000, 0x000000060a400000| Untracked 
|   3|0x000000060a800000, 0x000000060a800000, 0x000000060ac00000|  0%| F|  |TAMS 0x000000060a800000, 0x000000060a800000| Untracked 
|   4|0x000000060ac00000, 0x000000060ac00000, 0x000000060b000000|  0%| F|  |TAMS 0x000000060ac00000, 0x000000060ac00000| Untracked 
|   5|0x000000060b000000, 0x000000060b000000, 0x000000060b400000|  0%| F|  |TAMS 0x000000060b000000, 0x000000060b000000| Untracked 
|   6|0x000000060b400000, 0x000000060b400000, 0x000000060b800000|  0%| F|  |TAMS 0x000000060b400000, 0x000000060b400000| Untracked 
|   7|0x000000060b800000, 0x000000060b800000, 0x000000060bc00000|  0%| F|  |TAMS 0x000000060b800000, 0x000000060b800000| Untracked 
|   8|0x000000060bc00000, 0x000000060bc00000, 0x000000060c000000|  0%| F|  |TAMS 0x000000060bc00000, 0x000000060bc00000| Untracked 
|   9|0x000000060c000000, 0x000000060c000000, 0x000000060c400000|  0%| F|  |TAMS 0x000000060c000000, 0x000000060c000000| Untracked 
|  10|0x000000060c400000, 0x000000060c400000, 0x000000060c800000|  0%| F|  |TAMS 0x000000060c400000, 0x000000060c400000| Untracked 
|  11|0x000000060c800000, 0x000000060c800000, 0x000000060cc00000|  0%| F|  |TAMS 0x000000060c800000, 0x000000060c800000| Untracked 
|  12|0x000000060cc00000, 0x000000060cc00000, 0x000000060d000000|  0%| F|  |TAMS 0x000000060cc00000, 0x000000060cc00000| Untracked 
|  13|0x000000060d000000, 0x000000060d000000, 0x000000060d400000|  0%| F|  |TAMS 0x000000060d000000, 0x000000060d000000| Untracked 
|  14|0x000000060d400000, 0x000000060d400000, 0x000000060d800000|  0%| F|  |TAMS 0x000000060d400000, 0x000000060d400000| Untracked 
|  15|0x000000060d800000, 0x000000060d800000, 0x000000060dc00000|  0%| F|  |TAMS 0x000000060d800000, 0x000000060d800000| Untracked 
|  16|0x000000060dc00000, 0x000000060dc00000, 0x000000060e000000|  0%| F|  |TAMS 0x000000060dc00000, 0x000000060dc00000| Untracked 
|  17|0x000000060e000000, 0x000000060e000000, 0x000000060e400000|  0%| F|  |TAMS 0x000000060e000000, 0x000000060e000000| Untracked 
|  18|0x000000060e400000, 0x000000060e400000, 0x000000060e800000|  0%| F|  |TAMS 0x000000060e400000, 0x000000060e400000| Untracked 
|  19|0x000000060e800000, 0x000000060e800000, 0x000000060ec00000|  0%| F|  |TAMS 0x000000060e800000, 0x000000060e800000| Untracked 
|  20|0x000000060ec00000, 0x000000060ec00000, 0x000000060f000000|  0%| F|  |TAMS 0x000000060ec00000, 0x000000060ec00000| Untracked 
|  21|0x000000060f000000, 0x000000060f000000, 0x000000060f400000|  0%| F|  |TAMS 0x000000060f000000, 0x000000060f000000| Untracked 
|  22|0x000000060f400000, 0x000000060f400000, 0x000000060f800000|  0%| F|  |TAMS 0x000000060f400000, 0x000000060f400000| Untracked 
|  23|0x000000060f800000, 0x000000060f800000, 0x000000060fc00000|  0%| F|  |TAMS 0x000000060f800000, 0x000000060f800000| Untracked 
|  24|0x000000060fc00000, 0x000000060fc00000, 0x0000000610000000|  0%| F|  |TAMS 0x000000060fc00000, 0x000000060fc00000| Untracked 
|  25|0x0000000610000000, 0x0000000610000000, 0x0000000610400000|  0%| F|  |TAMS 0x0000000610000000, 0x0000000610000000| Untracked 
|  26|0x0000000610400000, 0x0000000610400000, 0x0000000610800000|  0%| F|  |TAMS 0x0000000610400000, 0x0000000610400000| Untracked 
|  27|0x0000000610800000, 0x0000000610800000, 0x0000000610c00000|  0%| F|  |TAMS 0x0000000610800000, 0x0000000610800000| Untracked 
|  28|0x0000000610c00000, 0x0000000610c00000, 0x0000000611000000|  0%| F|  |TAMS 0x0000000610c00000, 0x0000000610c00000| Untracked 
|  29|0x0000000611000000, 0x0000000611000000, 0x0000000611400000|  0%| F|  |TAMS 0x0000000611000000, 0x0000000611000000| Untracked 
|  30|0x0000000611400000, 0x0000000611400000, 0x0000000611800000|  0%| F|  |TAMS 0x0000000611400000, 0x0000000611400000| Untracked 
|  31|0x0000000611800000, 0x0000000611800000, 0x0000000611c00000|  0%| F|  |TAMS 0x0000000611800000, 0x0000000611800000| Untracked 
|  32|0x0000000611c00000, 0x0000000611c00000, 0x0000000612000000|  0%| F|  |TAMS 0x0000000611c00000, 0x0000000611c00000| Untracked 
|  33|0x0000000612000000, 0x0000000612000000, 0x0000000612400000|  0%| F|  |TAMS 0x0000000612000000, 0x0000000612000000| Untracked 
|  34|0x0000000612400000, 0x0000000612400000, 0x0000000612800000|  0%| F|  |TAMS 0x0000000612400000, 0x0000000612400000| Untracked 
|  35|0x0000000612800000, 0x0000000612800000, 0x0000000612c00000|  0%| F|  |TAMS 0x0000000612800000, 0x0000000612800000| Untracked 
|  36|0x0000000612c00000, 0x0000000612c00000, 0x0000000613000000|  0%| F|  |TAMS 0x0000000612c00000, 0x0000000612c00000| Untracked 
|  37|0x0000000613000000, 0x0000000613000000, 0x0000000613400000|  0%| F|  |TAMS 0x0000000613000000, 0x0000000613000000| Untracked 
|  38|0x0000000613400000, 0x0000000613400000, 0x0000000613800000|  0%| F|  |TAMS 0x0000000613400000, 0x0000000613400000| Untracked 
|  39|0x0000000613800000, 0x0000000613800000, 0x0000000613c00000|  0%| F|  |TAMS 0x0000000613800000, 0x0000000613800000| Untracked 
|  40|0x0000000613c00000, 0x0000000613c00000, 0x0000000614000000|  0%| F|  |TAMS 0x0000000613c00000, 0x0000000613c00000| Untracked 
|  41|0x0000000614000000, 0x0000000614000000, 0x0000000614400000|  0%| F|  |TAMS 0x0000000614000000, 0x0000000614000000| Untracked 
|  42|0x0000000614400000, 0x0000000614400000, 0x0000000614800000|  0%| F|  |TAMS 0x0000000614400000, 0x0000000614400000| Untracked 
|  43|0x0000000614800000, 0x0000000614800000, 0x0000000614c00000|  0%| F|  |TAMS 0x0000000614800000, 0x0000000614800000| Untracked 
|  44|0x0000000614c00000, 0x0000000614c00000, 0x0000000615000000|  0%| F|  |TAMS 0x0000000614c00000, 0x0000000614c00000| Untracked 
|  45|0x0000000615000000, 0x0000000615000000, 0x0000000615400000|  0%| F|  |TAMS 0x0000000615000000, 0x0000000615000000| Untracked 
|  46|0x0000000615400000, 0x0000000615400000, 0x0000000615800000|  0%| F|  |TAMS 0x0000000615400000, 0x0000000615400000| Untracked 
|  47|0x0000000615800000, 0x0000000615800000, 0x0000000615c00000|  0%| F|  |TAMS 0x0000000615800000, 0x0000000615800000| Untracked 
|  48|0x0000000615c00000, 0x0000000615c00000, 0x0000000616000000|  0%| F|  |TAMS 0x0000000615c00000, 0x0000000615c00000| Untracked 
|  49|0x0000000616000000, 0x0000000616000000, 0x0000000616400000|  0%| F|  |TAMS 0x0000000616000000, 0x0000000616000000| Untracked 
|  50|0x0000000616400000, 0x0000000616400000, 0x0000000616800000|  0%| F|  |TAMS 0x0000000616400000, 0x0000000616400000| Untracked 
|  51|0x0000000616800000, 0x0000000616800000, 0x0000000616c00000|  0%| F|  |TAMS 0x0000000616800000, 0x0000000616800000| Untracked 
|  52|0x0000000616c00000, 0x0000000616c00000, 0x0000000617000000|  0%| F|  |TAMS 0x0000000616c00000, 0x0000000616c00000| Untracked 
|  53|0x0000000617000000, 0x0000000617000000, 0x0000000617400000|  0%| F|  |TAMS 0x0000000617000000, 0x0000000617000000| Untracked 
|  54|0x0000000617400000, 0x0000000617400000, 0x0000000617800000|  0%| F|  |TAMS 0x0000000617400000, 0x0000000617400000| Untracked 
|  55|0x0000000617800000, 0x0000000617800000, 0x0000000617c00000|  0%| F|  |TAMS 0x0000000617800000, 0x0000000617800000| Untracked 
|  56|0x0000000617c00000, 0x0000000617c00000, 0x0000000618000000|  0%| F|  |TAMS 0x0000000617c00000, 0x0000000617c00000| Untracked 
|  57|0x0000000618000000, 0x0000000618000000, 0x0000000618400000|  0%| F|  |TAMS 0x0000000618000000, 0x0000000618000000| Untracked 
|  58|0x0000000618400000, 0x0000000618400000, 0x0000000618800000|  0%| F|  |TAMS 0x0000000618400000, 0x0000000618400000| Untracked 
|  59|0x0000000618800000, 0x0000000618800000, 0x0000000618c00000|  0%| F|  |TAMS 0x0000000618800000, 0x0000000618800000| Untracked 
|  60|0x0000000618c00000, 0x0000000618c00000, 0x0000000619000000|  0%| F|  |TAMS 0x0000000618c00000, 0x0000000618c00000| Untracked 
|  61|0x0000000619000000, 0x0000000619000000, 0x0000000619400000|  0%| F|  |TAMS 0x0000000619000000, 0x0000000619000000| Untracked 
|  62|0x0000000619400000, 0x0000000619400000, 0x0000000619800000|  0%| F|  |TAMS 0x0000000619400000, 0x0000000619400000| Untracked 
|  63|0x0000000619800000, 0x0000000619800000, 0x0000000619c00000|  0%| F|  |TAMS 0x0000000619800000, 0x0000000619800000| Untracked 
|  64|0x0000000619c00000, 0x0000000619c00000, 0x000000061a000000|  0%| F|  |TAMS 0x0000000619c00000, 0x0000000619c00000| Untracked 
|  65|0x000000061a000000, 0x000000061a000000, 0x000000061a400000|  0%| F|  |TAMS 0x000000061a000000, 0x000000061a000000| Untracked 
|  66|0x000000061a400000, 0x000000061a400000, 0x000000061a800000|  0%| F|  |TAMS 0x000000061a400000, 0x000000061a400000| Untracked 
|  67|0x000000061a800000, 0x000000061a800000, 0x000000061ac00000|  0%| F|  |TAMS 0x000000061a800000, 0x000000061a800000| Untracked 
|  68|0x000000061ac00000, 0x000000061ac00000, 0x000000061b000000|  0%| F|  |TAMS 0x000000061ac00000, 0x000000061ac00000| Untracked 
|  69|0x000000061b000000, 0x000000061b000000, 0x000000061b400000|  0%| F|  |TAMS 0x000000061b000000, 0x000000061b000000| Untracked 
|  70|0x000000061b400000, 0x000000061b400000, 0x000000061b800000|  0%| F|  |TAMS 0x000000061b400000, 0x000000061b400000| Untracked 
|  71|0x000000061b800000, 0x000000061b800000, 0x000000061bc00000|  0%| F|  |TAMS 0x000000061b800000, 0x000000061b800000| Untracked 
|  72|0x000000061bc00000, 0x000000061bc00000, 0x000000061c000000|  0%| F|  |TAMS 0x000000061bc00000, 0x000000061bc00000| Untracked 
|  73|0x000000061c000000, 0x000000061c000000, 0x000000061c400000|  0%| F|  |TAMS 0x000000061c000000, 0x000000061c000000| Untracked 
|  74|0x000000061c400000, 0x000000061c400000, 0x000000061c800000|  0%| F|  |TAMS 0x000000061c400000, 0x000000061c400000| Untracked 
|  75|0x000000061c800000, 0x000000061c800000, 0x000000061cc00000|  0%| F|  |TAMS 0x000000061c800000, 0x000000061c800000| Untracked 
|  76|0x000000061cc00000, 0x000000061cc00000, 0x000000061d000000|  0%| F|  |TAMS 0x000000061cc00000, 0x000000061cc00000| Untracked 
|  77|0x000000061d000000, 0x000000061d000000, 0x000000061d400000|  0%| F|  |TAMS 0x000000061d000000, 0x000000061d000000| Untracked 
|  78|0x000000061d400000, 0x000000061d400000, 0x000000061d800000|  0%| F|  |TAMS 0x000000061d400000, 0x000000061d400000| Untracked 
|  79|0x000000061d800000, 0x000000061d800000, 0x000000061dc00000|  0%| F|  |TAMS 0x000000061d800000, 0x000000061d800000| Untracked 
|  80|0x000000061dc00000, 0x000000061dc00000, 0x000000061e000000|  0%| F|  |TAMS 0x000000061dc00000, 0x000000061dc00000| Untracked 
|  81|0x000000061e000000, 0x000000061e000000, 0x000000061e400000|  0%| F|  |TAMS 0x000000061e000000, 0x000000061e000000| Untracked 
|  82|0x000000061e400000, 0x000000061e400000, 0x000000061e800000|  0%| F|  |TAMS 0x000000061e400000, 0x000000061e400000| Untracked 
|  83|0x000000061e800000, 0x000000061e800000, 0x000000061ec00000|  0%| F|  |TAMS 0x000000061e800000, 0x000000061e800000| Untracked 
|  84|0x000000061ec00000, 0x000000061ec00000, 0x000000061f000000|  0%| F|  |TAMS 0x000000061ec00000, 0x000000061ec00000| Untracked 
|  85|0x000000061f000000, 0x000000061f000000, 0x000000061f400000|  0%| F|  |TAMS 0x000000061f000000, 0x000000061f000000| Untracked 
|  86|0x000000061f400000, 0x000000061f400000, 0x000000061f800000|  0%| F|  |TAMS 0x000000061f400000, 0x000000061f400000| Untracked 
|  87|0x000000061f800000, 0x000000061f800000, 0x000000061fc00000|  0%| F|  |TAMS 0x000000061f800000, 0x000000061f800000| Untracked 
|  88|0x000000061fc00000, 0x000000061fc00000, 0x0000000620000000|  0%| F|  |TAMS 0x000000061fc00000, 0x000000061fc00000| Untracked 
|  89|0x0000000620000000, 0x0000000620000000, 0x0000000620400000|  0%| F|  |TAMS 0x0000000620000000, 0x0000000620000000| Untracked 
|  90|0x0000000620400000, 0x0000000620400000, 0x0000000620800000|  0%| F|  |TAMS 0x0000000620400000, 0x0000000620400000| Untracked 
|  91|0x0000000620800000, 0x0000000620800000, 0x0000000620c00000|  0%| F|  |TAMS 0x0000000620800000, 0x0000000620800000| Untracked 
|  92|0x0000000620c00000, 0x0000000620c00000, 0x0000000621000000|  0%| F|  |TAMS 0x0000000620c00000, 0x0000000620c00000| Untracked 
|  93|0x0000000621000000, 0x0000000621000000, 0x0000000621400000|  0%| F|  |TAMS 0x0000000621000000, 0x0000000621000000| Untracked 
|  94|0x0000000621400000, 0x0000000621400000, 0x0000000621800000|  0%| F|  |TAMS 0x0000000621400000, 0x0000000621400000| Untracked 
|  95|0x0000000621800000, 0x0000000621800000, 0x0000000621c00000|  0%| F|  |TAMS 0x0000000621800000, 0x0000000621800000| Untracked 
|  96|0x0000000621c00000, 0x0000000621c00000, 0x0000000622000000|  0%| F|  |TAMS 0x0000000621c00000, 0x0000000621c00000| Untracked 
|  97|0x0000000622000000, 0x0000000622000000, 0x0000000622400000|  0%| F|  |TAMS 0x0000000622000000, 0x0000000622000000| Untracked 
|  98|0x0000000622400000, 0x0000000622400000, 0x0000000622800000|  0%| F|  |TAMS 0x0000000622400000, 0x0000000622400000| Untracked 
|  99|0x0000000622800000, 0x0000000622800000, 0x0000000622c00000|  0%| F|  |TAMS 0x0000000622800000, 0x0000000622800000| Untracked 
| 100|0x0000000622c00000, 0x0000000622c00000, 0x0000000623000000|  0%| F|  |TAMS 0x0000000622c00000, 0x0000000622c00000| Untracked 
| 101|0x0000000623000000, 0x0000000623000000, 0x0000000623400000|  0%| F|  |TAMS 0x0000000623000000, 0x0000000623000000| Untracked 
| 102|0x0000000623400000, 0x0000000623400000, 0x0000000623800000|  0%| F|  |TAMS 0x0000000623400000, 0x0000000623400000| Untracked 
| 103|0x0000000623800000, 0x0000000623800000, 0x0000000623c00000|  0%| F|  |TAMS 0x0000000623800000, 0x0000000623800000| Untracked 
| 104|0x0000000623c00000, 0x0000000623c00000, 0x0000000624000000|  0%| F|  |TAMS 0x0000000623c00000, 0x0000000623c00000| Untracked 
| 105|0x0000000624000000, 0x0000000624000000, 0x0000000624400000|  0%| F|  |TAMS 0x0000000624000000, 0x0000000624000000| Untracked 
| 106|0x0000000624400000, 0x0000000624400000, 0x0000000624800000|  0%| F|  |TAMS 0x0000000624400000, 0x0000000624400000| Untracked 
| 107|0x0000000624800000, 0x0000000624800000, 0x0000000624c00000|  0%| F|  |TAMS 0x0000000624800000, 0x0000000624800000| Untracked 
| 108|0x0000000624c00000, 0x0000000624c00000, 0x0000000625000000|  0%| F|  |TAMS 0x0000000624c00000, 0x0000000624c00000| Untracked 
| 109|0x0000000625000000, 0x0000000625000000, 0x0000000625400000|  0%| F|  |TAMS 0x0000000625000000, 0x0000000625000000| Untracked 
| 110|0x0000000625400000, 0x0000000625400000, 0x0000000625800000|  0%| F|  |TAMS 0x0000000625400000, 0x0000000625400000| Untracked 
| 111|0x0000000625800000, 0x0000000625800000, 0x0000000625c00000|  0%| F|  |TAMS 0x0000000625800000, 0x0000000625800000| Untracked 
| 112|0x0000000625c00000, 0x0000000625c00000, 0x0000000626000000|  0%| F|  |TAMS 0x0000000625c00000, 0x0000000625c00000| Untracked 
| 113|0x0000000626000000, 0x0000000626000000, 0x0000000626400000|  0%| F|  |TAMS 0x0000000626000000, 0x0000000626000000| Untracked 
| 114|0x0000000626400000, 0x0000000626400000, 0x0000000626800000|  0%| F|  |TAMS 0x0000000626400000, 0x0000000626400000| Untracked 
| 115|0x0000000626800000, 0x0000000626800000, 0x0000000626c00000|  0%| F|  |TAMS 0x0000000626800000, 0x0000000626800000| Untracked 
| 116|0x0000000626c00000, 0x0000000626c00000, 0x0000000627000000|  0%| F|  |TAMS 0x0000000626c00000, 0x0000000626c00000| Untracked 
| 117|0x0000000627000000, 0x0000000627000000, 0x0000000627400000|  0%| F|  |TAMS 0x0000000627000000, 0x0000000627000000| Untracked 
| 118|0x0000000627400000, 0x0000000627400000, 0x0000000627800000|  0%| F|  |TAMS 0x0000000627400000, 0x0000000627400000| Untracked 
| 119|0x0000000627800000, 0x0000000627800000, 0x0000000627c00000|  0%| F|  |TAMS 0x0000000627800000, 0x0000000627800000| Untracked 
| 120|0x0000000627c00000, 0x0000000627c00000, 0x0000000628000000|  0%| F|  |TAMS 0x0000000627c00000, 0x0000000627c00000| Untracked 
| 121|0x0000000628000000, 0x0000000628000000, 0x0000000628400000|  0%| F|  |TAMS 0x0000000628000000, 0x0000000628000000| Untracked 
| 122|0x0000000628400000, 0x00000006284f7580, 0x0000000628800000| 24%| E|  |TAMS 0x0000000628400000, 0x0000000628400000| Complete 
| 123|0x0000000628800000, 0x0000000628c00000, 0x0000000628c00000|100%| E|CS|TAMS 0x0000000628800000, 0x0000000628800000| Complete 
| 124|0x0000000628c00000, 0x0000000629000000, 0x0000000629000000|100%| E|CS|TAMS 0x0000000628c00000, 0x0000000628c00000| Complete 
| 125|0x0000000629000000, 0x0000000629400000, 0x0000000629400000|100%| E|CS|TAMS 0x0000000629000000, 0x0000000629000000| Complete 

Card table byte_map: [0x000001b1fdf50000,0x000001b1fef10000] _byte_map_base: 0x000001b1faf02000

Marking Bits (Prev, Next): (CMBitMap*) 0x000001b18fb40d20, (CMBitMap*) 0x000001b18fb40d60
 Prev Bits: [0x000001b180000000, 0x000001b187d90000)
 Next Bits: [0x000001b187d90000, 0x000001b18fb20000)

Polling page: 0x000001b1e5be0000

Metaspace:

Usage:
  Non-class:      1.47 MB used.
      Class:    126.74 KB used.
       Both:      1.60 MB used.

Virtual space:
  Non-class space:        8.00 MB reserved,       1.50 MB ( 19%) committed,  1 nodes.
      Class space:        1.00 GB reserved,     192.00 KB ( <1%) committed,  1 nodes.
             Both:        1.01 GB reserved,       1.69 MB ( <1%) committed. 

Chunk freelists:
   Non-Class:  3.46 MB
       Class:  3.66 MB
        Both:  7.12 MB

MaxMetaspaceSize: unlimited
CompressedClassSpaceSize: 1.00 GB
Initial GC threshold: 21.00 MB
Current GC threshold: 21.00 MB
CDS: on
MetaspaceReclaimPolicy: balanced
 - commit_granule_bytes: 65536.
 - commit_granule_words: 8192.
 - virtual_space_node_default_size: 1048576.
 - enlarge_chunks_in_place: 1.
 - new_chunks_are_fully_committed: 0.
 - uncommit_free_chunks: 1.
 - use_allocation_guard: 0.
 - handle_deallocations: 1.


Internal statistics:

num_allocs_failed_limit: 0.
num_arena_births: 36.
num_arena_deaths: 0.
num_vsnodes_births: 2.
num_vsnodes_deaths: 0.
num_space_committed: 27.
num_space_uncommitted: 0.
num_chunks_returned_to_freelist: 0.
num_chunks_taken_from_freelist: 72.
num_chunk_merges: 0.
num_chunk_splits: 43.
num_chunks_enlarged: 29.
num_purges: 0.
num_inconsistent_stats: 0.

CodeHeap 'non-profiled nmethods': size=120000Kb used=211Kb max_used=211Kb free=119788Kb
 bounds [0x000001b1f5730000, 0x000001b1f59a0000, 0x000001b1fcc60000]
CodeHeap 'profiled nmethods': size=120000Kb used=922Kb max_used=922Kb free=119077Kb
 bounds [0x000001b1ee200000, 0x000001b1ee470000, 0x000001b1f5730000]
CodeHeap 'non-nmethods': size=5760Kb used=1113Kb max_used=1136Kb free=4646Kb
 bounds [0x000001b1edc60000, 0x000001b1eded0000, 0x000001b1ee200000]
 total_blobs=931 nmethods=542 adapters=302
 compilation: enabled
              stopped_count=0, restarted_count=0
 full_count=0

Compilation events (20 events):
Event: 0.744 Thread 0x000001b1e41200e0 nmethod 479 0x000001b1f5763c10 code [0x000001b1f5763d80, 0x000001b1f5763df8]
Event: 0.745 Thread 0x000001b1e411e790 nmethod 537 0x000001b1ee2dbc10 code [0x000001b1ee2dcb40, 0x000001b1ee2e3578]
Event: 0.745 Thread 0x000001b1e411e790  542       3       java.lang.invoke.LambdaForm$BasicType::basicType (19 bytes)
Event: 0.746 Thread 0x000001b1e411e790 nmethod 542 0x000001b1ee2e5110 code [0x000001b1ee2e52e0, 0x000001b1ee2e5538]
Event: 0.746 Thread 0x000001b1e411e790  543       3       jdk.internal.org.objectweb.asm.ByteVector::putShort (52 bytes)
Event: 0.746 Thread 0x000001b1e411e790 nmethod 543 0x000001b1ee2e5690 code [0x000001b1ee2e5840, 0x000001b1ee2e5a48]
Event: 0.746 Thread 0x000001b1e411e790  504       1       sun.invoke.util.Wrapper::basicTypeChar (5 bytes)
Event: 0.746 Thread 0x000001b1e411e790 nmethod 504 0x000001b1f5763f10 code [0x000001b1f57640a0, 0x000001b1f5764178]
Event: 0.746 Thread 0x000001b1e411e790  535       3       java.lang.invoke.MemberName::testAllFlags (7 bytes)
Event: 0.746 Thread 0x000001b1e411e790 nmethod 535 0x000001b1ee2e5b90 code [0x000001b1ee2e5d20, 0x000001b1ee2e5ef8]
Event: 0.746 Thread 0x000001b1e411e790  531       3       java.lang.invoke.MethodType$ConcurrentWeakInternSet::expungeStaleElements (27 bytes)
Event: 0.747 Thread 0x000001b1e411e790 nmethod 531 0x000001b1ee2e5f90 code [0x000001b1ee2e6180, 0x000001b1ee2e66b8]
Event: 0.747 Thread 0x000001b1e411e790  508       1       java.lang.invoke.MethodType$ConcurrentWeakInternSet$WeakEntry::hashCode (5 bytes)
Event: 0.747 Thread 0x000001b1e411e790 nmethod 508 0x000001b1f5764210 code [0x000001b1f57643a0, 0x000001b1f5764478]
Event: 0.747 Thread 0x000001b1e411e790  488       1       java.lang.invoke.MethodType::form (5 bytes)
Event: 0.747 Thread 0x000001b1e411e790 nmethod 488 0x000001b1f5764510 code [0x000001b1f57646a0, 0x000001b1f5764778]
Event: 0.748 Thread 0x000001b1e411e790  471       1       java.lang.NamedPackage::module (5 bytes)
Event: 0.748 Thread 0x000001b1e411e790 nmethod 471 0x000001b1f5764810 code [0x000001b1f57649a0, 0x000001b1f5764a78]
Event: 0.748 Thread 0x000001b1e411e790  517       1       java.lang.invoke.MethodTypeForm::erasedType (5 bytes)
Event: 0.748 Thread 0x000001b1e411e790 nmethod 517 0x000001b1f5764b10 code [0x000001b1f5764ca0, 0x000001b1f5764d78]

GC Heap History (0 events):
No events

Deoptimization events (20 events):
Event: 0.597 Thread 0x000001b1e645ec70 DEOPT PACKING pc=0x000001b1ee20bbe5 sp=0x00000092d25f95e0
Event: 0.597 Thread 0x000001b1e645ec70 DEOPT UNPACKING pc=0x000001b1edcb2b43 sp=0x00000092d25f8a30 mode 0
Event: 0.607 Thread 0x000001b1e645ec70 DEOPT PACKING pc=0x000001b1ee20bbe5 sp=0x00000092d25fcc70
Event: 0.607 Thread 0x000001b1e645ec70 DEOPT UNPACKING pc=0x000001b1edcb2b43 sp=0x00000092d25fc0c0 mode 0
Event: 0.609 Thread 0x000001b1e645ec70 DEOPT PACKING pc=0x000001b1ee20b42d sp=0x00000092d25fca70
Event: 0.609 Thread 0x000001b1e645ec70 DEOPT UNPACKING pc=0x000001b1edcb2b43 sp=0x00000092d25fbf08 mode 0
Event: 0.626 Thread 0x000001b1e645ec70 DEOPT PACKING pc=0x000001b1ee23cd82 sp=0x00000092d25fd4a0
Event: 0.626 Thread 0x000001b1e645ec70 DEOPT UNPACKING pc=0x000001b1edcb2b43 sp=0x00000092d25fc960 mode 0
Event: 0.632 Thread 0x000001b1e645ec70 DEOPT PACKING pc=0x000001b1ee20d53e sp=0x00000092d25fd2c0
Event: 0.632 Thread 0x000001b1e645ec70 DEOPT UNPACKING pc=0x000001b1edcb2b43 sp=0x00000092d25fc738 mode 0
Event: 0.637 Thread 0x000001b1e645ec70 DEOPT PACKING pc=0x000001b1ee23cd82 sp=0x00000092d25fd4f0
Event: 0.637 Thread 0x000001b1e645ec70 DEOPT UNPACKING pc=0x000001b1edcb2b43 sp=0x00000092d25fc9b0 mode 0
Event: 0.641 Thread 0x000001b1e645ec70 DEOPT PACKING pc=0x000001b1ee25cdf4 sp=0x00000092d25fd580
Event: 0.641 Thread 0x000001b1e645ec70 DEOPT UNPACKING pc=0x000001b1edcb2b43 sp=0x00000092d25fca30 mode 0
Event: 0.643 Thread 0x000001b1e645ec70 DEOPT PACKING pc=0x000001b1ee23f156 sp=0x00000092d25fd590
Event: 0.643 Thread 0x000001b1e645ec70 DEOPT UNPACKING pc=0x000001b1edcb2b43 sp=0x00000092d25fca30 mode 0
Event: 0.654 Thread 0x000001b1e645ec70 Uncommon trap: trap_request=0xffffff45 fr.pc=0x000001b1f5739ee4 relative=0x0000000000000064
Event: 0.654 Thread 0x000001b1e645ec70 Uncommon trap: reason=unstable_if action=reinterpret pc=0x000001b1f5739ee4 method=java.io.WinNTFileSystem.isSlash(C)Z @ 9 c2
Event: 0.654 Thread 0x000001b1e645ec70 DEOPT PACKING pc=0x000001b1f5739ee4 sp=0x00000092d25fdc00
Event: 0.654 Thread 0x000001b1e645ec70 DEOPT UNPACKING pc=0x000001b1edcb23a3 sp=0x00000092d25fdb88 mode 2

Classes unloaded (0 events):
No events

Classes redefined (0 events):
No events

Internal exceptions (2 events):
Event: 0.737 Thread 0x000001b1e645ec70 Exception <a 'java/lang/NoSuchMethodError'{0x000000062849af50}: 'java.lang.Object java.lang.invoke.DirectMethodHandle$Holder.invokeSpecial(java.lang.Object, java.lang.Object, java.lang.Object, long, java.lang.Object)'> (0x000000062849af50) 
thrown [t:\workspace\open\src\hotspot\share\interpreter\linkResolver.cpp, line 766]
Event: 0.737 Thread 0x000001b1e645ec70 Exception <a 'java/lang/NoSuchMethodError'{0x000000062849ebf0}: 'java.lang.Object java.lang.invoke.Invokers$Holder.linkToTargetMethod(java.lang.Object, long, java.lang.Object, java.lang.Object)'> (0x000000062849ebf0) 
thrown [t:\workspace\open\src\hotspot\share\interpreter\linkResolver.cpp, line 766]

VM Operations (6 events):
Event: 0.327 Executing VM operation: HandshakeAllThreads
Event: 0.327 Executing VM operation: HandshakeAllThreads done
Event: 0.607 Executing VM operation: HandshakeAllThreads
Event: 0.607 Executing VM operation: HandshakeAllThreads done
Event: 0.654 Executing VM operation: HandshakeAllThreads
Event: 0.654 Executing VM operation: HandshakeAllThreads done

Events (20 events):
Event: 0.755 loading class sun/nio/ch/IOUtil done
Event: 0.757 loading class sun/nio/ch/NativeThreadSet
Event: 0.757 loading class sun/nio/ch/NativeThreadSet done
Event: 0.757 loading class sun/nio/ch/FileDispatcherImpl
Event: 0.757 loading class sun/nio/ch/FileDispatcher
Event: 0.757 loading class sun/nio/ch/NativeDispatcher
Event: 0.757 loading class sun/nio/ch/NativeDispatcher done
Event: 0.757 loading class sun/nio/ch/FileDispatcher done
Event: 0.757 loading class sun/nio/ch/FileDispatcherImpl done
Event: 0.758 loading class sun/nio/ch/FileChannelImpl$Closer
Event: 0.758 loading class sun/nio/ch/FileChannelImpl$Closer done
Event: 0.758 loading class java/nio/channels/Channels
Event: 0.758 loading class java/nio/channels/Channels done
Event: 0.758 loading class sun/nio/ch/ChannelInputStream
Event: 0.758 loading class sun/nio/ch/ChannelInputStream done
Event: 0.758 loading class sun/security/provider/PolicyParser
Event: 0.758 loading class sun/security/provider/PolicyParser done
Event: 0.758 loading class java/io/StreamTokenizer
Event: 0.758 loading class java/io/StreamTokenizer done
Event: 0.759 loading class java/nio/channels/SelectableChannel


Dynamic libraries:
0x00007ff72d1f0000 - 0x00007ff72d200000 	C:\Program Files\Java\jdk-17.0.2\bin\java.exe
0x00007ff85fb10000 - 0x00007ff85fd08000 	C:\WINDOWS\SYSTEM32\ntdll.dll
0x00007ff85f470000 - 0x00007ff85f531000 	C:\WINDOWS\System32\KERNEL32.DLL
0x00007ff85d620000 - 0x00007ff85d916000 	C:\WINDOWS\System32\KERNELBASE.dll
0x00007ff85d480000 - 0x00007ff85d580000 	C:\WINDOWS\System32\ucrtbase.dll
0x00007ff858550000 - 0x00007ff858568000 	C:\Program Files\Java\jdk-17.0.2\bin\jli.dll
0x00007ff85dfe0000 - 0x00007ff85e090000 	C:\WINDOWS\System32\ADVAPI32.dll
0x00007ff85ddb0000 - 0x00007ff85de4e000 	C:\WINDOWS\System32\msvcrt.dll
0x00007ff85f620000 - 0x00007ff85f6c0000 	C:\WINDOWS\System32\sechost.dll
0x00007ff85e780000 - 0x00007ff85e8a3000 	C:\WINDOWS\System32\RPCRT4.dll
0x00007ff85da80000 - 0x00007ff85daa7000 	C:\WINDOWS\System32\bcrypt.dll
0x00007ff85ea90000 - 0x00007ff85ec2f000 	C:\WINDOWS\System32\USER32.dll
0x00007ff85d3a0000 - 0x00007ff85d3c2000 	C:\WINDOWS\System32\win32u.dll
0x00007ff85f6c0000 - 0x00007ff85f6eb000 	C:\WINDOWS\System32\GDI32.dll
0x00007ff85d280000 - 0x00007ff85d397000 	C:\WINDOWS\System32\gdi32full.dll
0x00007ff85d580000 - 0x00007ff85d61d000 	C:\WINDOWS\System32\msvcp_win.dll
0x00007ff858440000 - 0x00007ff85845a000 	C:\Program Files\Java\jdk-17.0.2\bin\VCRUNTIME140.dll
0x00007ff848a90000 - 0x00007ff848d2a000 	C:\WINDOWS\WinSxS\amd64_microsoft.windows.common-controls_6595b64144ccf1df_6.0.19041.4355_none_60b8b9eb71f62e16\COMCTL32.dll
0x00007ff855d60000 - 0x00007ff855d6a000 	C:\WINDOWS\SYSTEM32\VERSION.dll
0x00007ff85ea60000 - 0x00007ff85ea8f000 	C:\WINDOWS\System32\IMM32.DLL
0x00007ff842680000 - 0x00007ff8427e3000 	C:\Program Files (x86)\Citrix\ICA Client\epclient64.dll
0x00007ff85f770000 - 0x00007ff85fac3000 	C:\WINDOWS\System32\combase.dll
0x00007ff85c2d0000 - 0x00007ff85c303000 	C:\WINDOWS\SYSTEM32\ntmarta.dll
0x00007ff85dab0000 - 0x00007ff85db32000 	C:\WINDOWS\System32\bcryptprimitives.dll
0x00007ff85b9e0000 - 0x00007ff85b9f2000 	C:\WINDOWS\SYSTEM32\kernel.appcore.dll
0x00007ff859510000 - 0x00007ff85951c000 	C:\Program Files\Java\jdk-17.0.2\bin\vcruntime140_1.dll
0x00007ff84c0b0000 - 0x00007ff84c13d000 	C:\Program Files\Java\jdk-17.0.2\bin\msvcp140.dll
0x00007ff80fdb0000 - 0x00007ff810971000 	C:\Program Files\Java\jdk-17.0.2\bin\server\jvm.dll
0x00007ff85dda0000 - 0x00007ff85dda8000 	C:\WINDOWS\System32\PSAPI.DLL
0x00007ff843b00000 - 0x00007ff843b09000 	C:\WINDOWS\SYSTEM32\WSOCK32.dll
0x00007ff85df70000 - 0x00007ff85dfdb000 	C:\WINDOWS\System32\WS2_32.dll
0x00007ff848800000 - 0x00007ff848827000 	C:\WINDOWS\SYSTEM32\WINMM.dll
0x00007ff859360000 - 0x00007ff85936a000 	C:\Program Files\Java\jdk-17.0.2\bin\jimage.dll
0x00007ff85b4f0000 - 0x00007ff85b6d4000 	C:\WINDOWS\SYSTEM32\DBGHELP.DLL
0x00007ff8556f0000 - 0x00007ff855724000 	C:\WINDOWS\SYSTEM32\dbgcore.DLL
0x00007ff854660000 - 0x00007ff854685000 	C:\Program Files\Java\jdk-17.0.2\bin\java.dll
0x00007ff832f90000 - 0x00007ff833066000 	C:\Program Files\Java\jdk-17.0.2\bin\jsvml.dll
0x000001b193400000 - 0x000001b193b6c000 	C:\WINDOWS\System32\SHELL32.dll
0x00007ff85ac80000 - 0x00007ff85b41e000 	C:\WINDOWS\SYSTEM32\windows.storage.dll
0x00007ff85cb00000 - 0x00007ff85cb2e000 	C:\WINDOWS\SYSTEM32\Wldp.dll
0x000001b1928a0000 - 0x000001b19296d000 	C:\WINDOWS\System32\OLEAUT32.dll
0x00007ff85db40000 - 0x00007ff85dbed000 	C:\WINDOWS\System32\SHCORE.dll
0x00007ff85e630000 - 0x00007ff85e685000 	C:\WINDOWS\System32\shlwapi.dll
0x00007ff85d0f0000 - 0x00007ff85d114000 	C:\WINDOWS\SYSTEM32\profapi.dll
0x00007ff853800000 - 0x00007ff853819000 	C:\Program Files\Java\jdk-17.0.2\bin\net.dll
0x00007ff8558f0000 - 0x00007ff8559fa000 	C:\WINDOWS\SYSTEM32\WINHTTP.dll
0x00007ff85c8e0000 - 0x00007ff85c94a000 	C:\WINDOWS\system32\mswsock.dll
0x00007ff84cd90000 - 0x00007ff84cda6000 	C:\Program Files\Java\jdk-17.0.2\bin\nio.dll
0x00007ff84a6c0000 - 0x00007ff84a6d8000 	C:\Program Files\Java\jdk-17.0.2\bin\zip.dll

dbghelp: loaded successfully - version: 4.0.5 - missing functions: none
symbol engine: initialized successfully - sym options: 0x614 - pdb path: .;C:\Program Files\Java\jdk-17.0.2\bin;C:\WINDOWS\SYSTEM32;C:\WINDOWS\WinSxS\amd64_microsoft.windows.common-controls_6595b64144ccf1df_6.0.19041.4355_none_60b8b9eb71f62e16;C:\Program Files (x86)\Citrix\ICA Client;C:\Program Files\Java\jdk-17.0.2\bin\server

VM Arguments:
jvm_args: -XX:+ShowCodeDetailsInExceptionMessages 
java_command: net.csonic.customers.graphql.MsCustomersGraphqlApplication
java_class_path (initial): C:\Users\User\Desktop\SINGLESTORE BCP\Proyecto Grapho 2\ms-poc-consist-graphql - jdbc\build\resources\main;C:\Users\User\Desktop\SINGLESTORE BCP\Proyecto Grapho 2\ms-poc-consist-graphql - jdbc\build\classes\java\main;C:\Users\User\.gradle\caches\modules-2\files-2.1\io.prometheus\prometheus-metrics-config\1.1.0\4588ed1d1bbdcebb2663ccef1162f4cc4c5eb9fb\prometheus-metrics-config-1.1.0.jar;C:\Users\User\.gradle\caches\modules-2\files-2.1\org.jetbrains.kotlin\kotlin-stdlib\1.9.20\e58b4816ac517e9cc5df1db051120c63d4cde669\kotlin-stdlib-1.9.20.jar;C:\Users\User\.gradle\caches\modules-2\files-2.1\io.opentelemetry\opentelemetry-sdk-extension-autoconfigure-spi\1.36.0\fb875c07f1ee9200eab4226a1d1f39be287ef89\opentelemetry-sdk-extension-autoconfigure-spi-1.36.0.jar;C:\Users\User\.gradle\caches\modules-2\files-2.1\org.jboss.logging\jboss-logging\3.5.3.Final\c88fc1d8a96d4c3491f55d4317458ccad53ca663\jboss-logging-3.5.3.Final.jar;C:\Users\User\.gradle\caches\modules-2\files-2.1\jakarta.xml.bind\jakarta.xml.bind-api\4.0.1\ca2330866cbc624c7e5ce982e121db1125d23e15\jakarta.xml.bind-api-4.0.1.jar;C:\Users\User\.gradle\caches\modules-2\files-2.1\com.graphql-java\graphql-java\21.3\e26dce30e9fdf1a205cf2539b8751424be244cea\graphql-java-21.3.jar;C:\Users\User\.gradle\caches\modules-2\files-2.1\io.prometheus\prometheus-metrics-shaded-protobuf\1.1.0\5a18603c6281609b0e9e1e7f21d647c6ce994adb\prometheus-metrics-shaded-protobuf-1.1.0.jar;C:\Users\User\.gradle\caches\modules-2\files-2.1\org.springframework\spring-websocket\6.1.1\2311543b6264393b65c0cc58fb0c332526629ef7\spring-websocket-6.1.1.jar;C:\Users\User\.gradle\caches\modules-2\files-2.1\org.springframework.boot\spring-boot-starter-jdbc\3.2.0\1ab4ef09c814142be2fafc6d40c9bc242921ca12\spring-boot-starter-jdbc-3.2.0.jar;C:\Users\User\.gradle\caches\modules-2\files-2.1\org.springframework.data\spring-data-jpa\3.2.0\59e49a0eca3d02c3dc593e7a881c19b932641894\spring-data-jpa-3.2.0.jar;C:\Users\User\.gradle\caches\modules-2\
Launcher Type: SUN_STANDARD

[Global flags]
     intx CICompilerCount                          = 4                                         {product} {ergonomic}
     uint ConcGCThreads                            = 2                                         {product} {ergonomic}
     uint G1ConcRefinementThreads                  = 8                                         {product} {ergonomic}
   size_t G1HeapRegionSize                         = 4194304                                   {product} {ergonomic}
    uintx GCDrainStackTargetSize                   = 64                                        {product} {ergonomic}
   size_t InitialHeapSize                          = 528482304                                 {product} {ergonomic}
   size_t MarkStackSize                            = 4194304                                   {product} {ergonomic}
   size_t MaxHeapSize                              = 8426356736                                {product} {ergonomic}
   size_t MaxNewSize                               = 5054136320                                {product} {ergonomic}
   size_t MinHeapDeltaBytes                        = 4194304                                   {product} {ergonomic}
   size_t MinHeapSize                              = 8388608                                   {product} {ergonomic}
    uintx NonNMethodCodeHeapSize                   = 5839372                                {pd product} {ergonomic}
    uintx NonProfiledCodeHeapSize                  = 122909434                              {pd product} {ergonomic}
    uintx ProfiledCodeHeapSize                     = 122909434                              {pd product} {ergonomic}
    uintx ReservedCodeCacheSize                    = 251658240                              {pd product} {ergonomic}
     bool SegmentedCodeCache                       = true                                      {product} {ergonomic}
     bool ShowCodeDetailsInExceptionMessages       = true                                   {manageable} {command line}
   size_t SoftMaxHeapSize                          = 8426356736                             {manageable} {ergonomic}
     bool UseCompressedClassPointers               = true                           {product lp64_product} {ergonomic}
     bool UseCompressedOops                        = true                           {product lp64_product} {ergonomic}
     bool UseG1GC                                  = true                                      {product} {ergonomic}
     bool UseLargePagesIndividualAllocation        = false                                  {pd product} {ergonomic}

Logging:
Log output configuration:
 #0: stdout all=warning uptime,level,tags
 #1: stderr all=off uptime,level,tags

Environment Variables:
JAVA_HOME=C:\Program Files\Java\jdk-17.0.2
PATH=C:\Program Files\Microsoft SDKs\Azure\CLI2\wbin;C:\Program Files (x86)\Common Files\Oracle\Java\javapath;C:\Python310\Scripts\;C:\Python310\;C:\Program Files\Microsoft\jdk-11.0.12.7-hotspot\bin;C:\WINDOWS\system32;C:\WINDOWS;C:\WINDOWS\System32\Wbem;C:\WINDOWS\System32\WindowsPowerShell\v1.0\;C:\WINDOWS\System32\OpenSSH\;C:\Program Files\Git\cmd;C:\Program Files\PuTTY\;C:\Users\User\AppData\Local\Android\Sdk\platform-tools;C:\Users\User\AppData\Local\Android\Sdk\platforms;C:\Program Files\nodejs\;C:\ProgramData\chocolatey\bin;D:\xampp 7.4\php;C:\ProgramData\ComposerSetup\bin;C:\Program Files\dotnet\;C:\Program Files\Docker\Docker\resources\bin;C:\Program Files\Maven\apache-maven-3.9.6\bin;C:\Program Files\Java\jdk-17.0.2\bin;C:\Program Files\SpringBoot\spring-3.2.4\bin;C:\Program Files (x86)\Microsoft SQL Server\160\DTS\Binn\;C:\Program Files (x86)\Microsoft SQL Server\160\Tools\Binn\;C:\Program Files\Microsoft SQL Server\160\Tools\Binn\;C:\Program Files\Microsoft SQL Server\Client SDK\ODBC\170\Tools\Binn\;C:\Program Files\Microsoft SQL Server\160\DTS\Binn\;C:\Program Files\GitHub CLI\;C:\Users\User\AppData\Local\Microsoft\WindowsApps;C:\Users\User\AppData\Local\Programs\Microsoft VS Code\bin;C:\Program Files\Azure Data Studio\bin;C:\src\flutter\bin;C:\Users\User\AppData\Roaming\npm;E:\Programas\PyCharm Community Edition 2023.3.3\bin;;C:\Users\User\AppData\Roaming\Composer\vendor\bin;C:\Users\User\AppData\Local\Android\Sdk;C:\Users\User\AppData\Local\Pub\Cache\bin;D:\xampp 7.4\mysql\bin;C:\Program Files\Azure Data Studio\bin;E:\Programas\PyCharm 2023.3.3\bin;;E:\folder programs\spark-3.5.0-bin-hadoop3\bin;
USERNAME=User
LANG=en_US.UTF-8
OS=Windows_NT
PROCESSOR_IDENTIFIER=Intel64 Family 6 Model 94 Stepping 3, GenuineIntel



---------------  S Y S T E M  ---------------

OS:
 Windows 10 , 64 bit Build 19041 (10.0.19041.4597)
OS uptime: 2 days 14:39 hours
Hyper-V role detected

CPU: total 8 (initial active 8) (4 cores per cpu, 2 threads per core) family 6 model 94 stepping 3 microcode 0xcc, cx8, cmov, fxsr, ht, mmx, 3dnowpref, sse, sse2, sse3, ssse3, sse4.1, sse4.2, popcnt, lzcnt, tsc, tscinvbit, avx, avx2, aes, erms, clmul, bmi1, bmi2, rtm, adx, fma, vzeroupper, clflush, clflushopt, hv

Memory: 4k page, system-wide physical 32134M (13419M free)
TotalPageFile size 34182M (AvailPageFile size 117M)
current process WorkingSet (physical memory assigned to process): 61M, peak: 63M
current process commit charge ("private bytes"): 618M, peak: 620M

vm_info: Java HotSpot(TM) 64-Bit Server VM (17.0.2+8-LTS-86) for windows-amd64 JRE (17.0.2+8-LTS-86), built on Dec  7 2021 21:51:03 by "mach5one" with MS VC++ 16.8 / 16.9 (VS2019)

END.
